<?xml version="1.0" encoding="UTF-8"?>
<!-- Generated by org.testng.reporters.JUnitReportReporter -->
<testsuite hostname="DESKTOP-O7UM0M3" failures="0" tests="10" name="tests.wduTest" time="141.961" errors="0" timestamp="2024-08-26T11:04:45 BST" skipped="0">
  <testcase classname="tests.wduTest" name="verifyAjaxLoaderPopUpTest" time="13.600"/>
  <system-out/>
  <testcase classname="tests.wduTest" name="verifyAjaxLoaderPopUpTest" time="23.471"/>
  <system-out/>
  <testcase classname="tests.wduTest" name="verifyAjaxLoaderPopUpTest" time="12.980"/>
  <system-out/>
  <testcase classname="tests.wduTest" name="verifyAjaxLoaderPopUpTest" time="13.778"/>
  <system-out/>
  <testcase classname="tests.wduTest" name="verifyAjaxLoaderPopUpTest" time="12.671"/>
  <system-out/>
  <testcase classname="tests.wduTest" name="verifyAjaxLoaderPopUpTest" time="13.248"/>
  <system-out/>
  <testcase classname="tests.wduTest" name="verifyAjaxLoaderPopUpTest" time="12.289"/>
  <system-out/>
  <testcase classname="tests.wduTest" name="verifyAjaxLoaderPopUpTest" time="13.775"/>
  <system-out/>
  <testcase classname="tests.wduTest" name="verifyAjaxLoaderPopUpTest" time="12.477"/>
  <system-out/>
  <testcase classname="tests.wduTest" name="verifyAjaxLoaderPopUpTest" time="13.672"/>
  <system-out/>
</testsuite> <!-- tests.wduTest -->
